{
  "RSpec": {
    "coverage": {
      "/Users/cm0k/repos_ai/keep_alive/lib/keep_alive/server.rb": {
        "lines": [
          null,
          null,
          null,
          null,
          1,
          1,
          1,
          1,
          1,
          1,
          1,
          1,
          1,
          1,
          null,
          1,
          1,
          1,
          null,
          2,
          1,
          7,
          null,
          null,
          3,
          null,
          null,
          null,
          null,
          null,
          null,
          null,
          null,
          null,
          null,
          null,
          2,
          1,
          4,
          2,
          2,
          null,
          2,
          2,
          2,
          null,
          2,
          2,
          null,
          2,
          null,
          2,
          1,
          1,
          1,
          null,
          null,
          2,
          null,
          null,
          2,
          2,
          1,
          1,
          1,
          null,
          null,
          null,
          null,
          null,
          1,
          null,
          2,
          1,
          2,
          2,
          2,
          2,
          2,
          2,
          2,
          2,
          2,
          null,
          2,
          2,
          2,
          2,
          null,
          null,
          null
        ],
        "branches": {
          "[:if, 0, 39, 6, 68, 9]": {
            "[:then, 1, 40, 8, 59, 11]": 2,
            "[:else, 2, 61, 8, 67, 11]": 2
          }
        }
      },
      "/Users/cm0k/repos_ai/keep_alive/lib/keep_alive/client.rb": {
        "lines": [
          null,
          null,
          null,
          1,
          1,
          1,
          1,
          1,
          1,
          1,
          1,
          1,
          1,
          1,
          1,
          null,
          1,
          1,
          null,
          null,
          null,
          null,
          null,
          null,
          null,
          null,
          null,
          null,
          null,
          null,
          null,
          null,
          null,
          null,
          null,
          null,
          null,
          null,
          null,
          null,
          null,
          1,
          null,
          null,
          null,
          null,
          null,
          null,
          null,
          null,
          null,
          null,
          50,
          49,
          48,
          47,
          47,
          46,
          46,
          46,
          46,
          46,
          46,
          null,
          46,
          46,
          46,
          46,
          46,
          46,
          46,
          46,
          46,
          46,
          46,
          46,
          46,
          46,
          46,
          46,
          46,
          46,
          46,
          46,
          46,
          46,
          null,
          46,
          46,
          null,
          46,
          46,
          null,
          null,
          2,
          1,
          6,
          6,
          6,
          null,
          6,
          null,
          null,
          6,
          6,
          6,
          null,
          6,
          6,
          6,
          15,
          8,
          7,
          6,
          null,
          1,
          null,
          15,
          15,
          15,
          null,
          null,
          null,
          null,
          6,
          6,
          null,
          null,
          1,
          null,
          2,
          1,
          46,
          44,
          34,
          6,
          11,
          9,
          null,
          5,
          5,
          1,
          1,
          4,
          4,
          4,
          null,
          null,
          null,
          null,
          null,
          null,
          null,
          2,
          1,
          15603,
          null,
          15283,
          15283,
          null,
          null,
          2,
          1,
          47,
          47,
          56,
          21,
          35,
          1,
          null,
          34,
          null,
          null,
          56,
          null,
          null,
          56,
          36,
          36,
          null,
          20,
          null,
          null,
          56,
          2,
          null,
          54,
          null,
          56,
          null,
          null,
          null,
          2,
          1,
          48,
          9,
          39,
          3,
          36,
          2,
          null,
          34,
          null,
          null,
          null,
          2,
          1,
          2,
          2,
          2,
          null,
          null,
          1,
          null,
          null,
          null,
          2,
          1,
          19,
          19,
          19,
          null,
          19,
          null,
          19,
          16,
          16,
          null,
          16,
          3,
          null,
          13,
          13,
          13,
          17,
          null,
          13,
          7,
          null,
          null,
          13,
          15288,
          15288,
          3,
          3,
          null,
          null,
          15285,
          2,
          null,
          2,
          2,
          2,
          2,
          null,
          2,
          2,
          null,
          null,
          2,
          1,
          null,
          null,
          2,
          15283,
          8,
          8,
          8,
          8,
          8,
          8,
          null,
          8,
          3,
          null,
          null,
          8,
          null,
          null,
          15275,
          null,
          null,
          null,
          null,
          16,
          null,
          1,
          null,
          1,
          null,
          1,
          null,
          null,
          1,
          19,
          19,
          null,
          19,
          2,
          2,
          2,
          2,
          2,
          null,
          null,
          19,
          null,
          null,
          1,
          3,
          3,
          null,
          3,
          null,
          3,
          3,
          3,
          3,
          3,
          null,
          3,
          297,
          297,
          297,
          null,
          null,
          null,
          3,
          6,
          6,
          1,
          1,
          null,
          null,
          5,
          5,
          5,
          null,
          null,
          null,
          2,
          1,
          27,
          null,
          null,
          1,
          1,
          null,
          null,
          2,
          1,
          null,
          3,
          3,
          null,
          null,
          null
        ],
        "branches": {
          "[:if, 0, 53, 6, 53, 72]": {
            "[:then, 1, 53, 6, 53, 53]": 1,
            "[:else, 2, 53, 6, 53, 72]": 49
          },
          "[:if, 3, 54, 6, 54, 78]": {
            "[:then, 4, 54, 6, 54, 53]": 1,
            "[:else, 5, 54, 6, 54, 78]": 48
          },
          "[:if, 6, 55, 6, 55, 94]": {
            "[:then, 7, 55, 6, 55, 62]": 1,
            "[:else, 8, 55, 6, 55, 94]": 47
          },
          "[:if, 9, 56, 6, 56, 100]": {
            "[:then, 10, 56, 6, 56, 64]": 0,
            "[:else, 11, 56, 6, 56, 100]": 47
          },
          "[:if, 12, 57, 6, 57, 102]": {
            "[:then, 13, 57, 6, 57, 68]": 1,
            "[:else, 14, 57, 6, 57, 102]": 46
          },
          "[:if, 15, 58, 6, 58, 88]": {
            "[:then, 16, 58, 6, 58, 59]": 0,
            "[:else, 17, 58, 6, 58, 88]": 46
          },
          "[:if, 18, 59, 6, 59, 82]": {
            "[:then, 19, 59, 6, 59, 56]": 0,
            "[:else, 20, 59, 6, 59, 82]": 46
          },
          "[:if, 21, 60, 6, 60, 70]": {
            "[:then, 22, 60, 6, 60, 50]": 0,
            "[:else, 23, 60, 6, 60, 70]": 46
          },
          "[:if, 24, 61, 6, 61, 72]": {
            "[:then, 25, 61, 6, 61, 51]": 0,
            "[:else, 26, 61, 6, 61, 72]": 46
          },
          "[:if, 27, 62, 6, 62, 92]": {
            "[:then, 28, 62, 6, 62, 60]": 0,
            "[:else, 29, 62, 6, 62, 92]": 46
          },
          "[:if, 30, 63, 6, 63, 88]": {
            "[:then, 31, 63, 6, 63, 59]": 0,
            "[:else, 32, 63, 6, 63, 88]": 46
          },
          "[:if, 33, 97, 21, 97, 119]": {
            "[:then, 34, 97, 45, 97, 75]": 0,
            "[:else, 35, 97, 78, 97, 119]": 6
          },
          "[:unless, 36, 99, 6, 99, 107]": {
            "[:else, 37, 99, 6, 99, 107]": 5,
            "[:then, 38, 99, 6, 99, 91]": 1
          },
          "[:if, 39, 106, 6, 106, 67]": {
            "[:then, 40, 106, 6, 106, 55]": 5,
            "[:else, 41, 106, 6, 106, 67]": 1
          },
          "[:if, 42, 111, 18, 117, 21]": {
            "[:then, 43, 112, 20, 112, 48]": 8,
            "[:else, 44, 113, 18, 117, 21]": 7
          },
          "[:if, 45, 113, 18, 117, 21]": {
            "[:then, 46, 114, 20, 114, 49]": 6,
            "[:else, 47, 116, 20, 116, 23]": 1
          },
          "[:if, 48, 118, 10, 118, 63]": {
            "[:then, 49, 118, 10, 118, 44]": 14,
            "[:else, 50, 118, 10, 118, 63]": 1
          },
          "[:if, 51, 138, 14, 138, 40]": {
            "[:then, 52, 138, 14, 138, 19]": 4,
            "[:else, 53, 138, 14, 138, 40]": 5
          },
          "[:if, 54, 141, 14, 147, 17]": {
            "[:then, 55, 142, 16, 143, 25]": 1,
            "[:else, 56, 144, 14, 147, 17]": 4
          },
          "[:if, 57, 144, 14, 147, 17]": {
            "[:then, 58, 145, 16, 146, 25]": 4,
            "[:else, 59, 144, 14, 147, 17]": 0
          },
          "[:if, 60, 156, 6, 156, 42]": {
            "[:then, 61, 156, 6, 156, 25]": 320,
            "[:else, 62, 156, 6, 156, 42]": 15283
          },
          "[:if, 63, 164, 13, 164, 53]": {
            "[:then, 64, 164, 33, 164, 45]": 12,
            "[:else, 65, 164, 48, 164, 53]": 35
          },
          "[:if, 66, 166, 14, 172, 17]": {
            "[:then, 67, 167, 16, 167, 29]": 21,
            "[:else, 68, 168, 14, 172, 17]": 35
          },
          "[:if, 69, 168, 14, 172, 17]": {
            "[:then, 70, 169, 16, 169, 45]": 1,
            "[:else, 71, 171, 16, 171, 44]": 34
          },
          "[:if, 72, 174, 31, 174, 76]": {
            "[:then, 73, 174, 57, 174, 70]": 22,
            "[:else, 74, 174, 73, 174, 76]": 34
          },
          "[:\"&.\", 75, 178, 15, 178, 67]": {
            "[:then, 76, 178, 15, 178, 67]": 36,
            "[:else, 77, 178, 15, 178, 67]": 0
          },
          "[:if, 78, 179, 10, 179, 34]": {
            "[:then, 79, 179, 10, 179, 28]": 36,
            "[:else, 80, 179, 10, 179, 34]": 0
          },
          "[:if, 81, 184, 20, 188, 23]": {
            "[:then, 82, 185, 22, 185, 87]": 2,
            "[:else, 83, 187, 22, 187, 26]": 54
          },
          "[:if, 84, 195, 6, 203, 9]": {
            "[:then, 85, 196, 8, 196, 49]": 9,
            "[:else, 86, 197, 6, 203, 9]": 39
          },
          "[:if, 87, 197, 6, 203, 9]": {
            "[:then, 88, 198, 8, 198, 95]": 3,
            "[:else, 89, 199, 6, 203, 9]": 36
          },
          "[:\"&.\", 90, 198, 20, 198, 93]": {
            "[:then, 91, 198, 20, 198, 93]": 3,
            "[:else, 92, 198, 20, 198, 93]": 0
          },
          "[:if, 93, 199, 6, 203, 9]": {
            "[:then, 94, 200, 8, 200, 15]": 2,
            "[:else, 95, 202, 8, 202, 14]": 34
          },
          "[:unless, 96, 210, 8, 210, 47]": {
            "[:else, 97, 210, 8, 210, 47]": 1,
            "[:then, 98, 210, 8, 210, 13]": 1
          },
          "[:if, 99, 226, 8, 226, 63]": {
            "[:then, 100, 226, 8, 226, 28]": 0,
            "[:else, 101, 226, 8, 226, 63]": 16
          },
          "[:if, 102, 229, 8, 283, 11]": {
            "[:then, 103, 230, 10, 230, 68]": 3,
            "[:else, 104, 232, 10, 282, 13]": 13
          },
          "[:if, 105, 243, 12, 246, 15]": {
            "[:then, 106, 244, 14, 245, 19]": 3,
            "[:else, 107, 243, 12, 246, 15]": 15285
          },
          "[:if, 108, 248, 12, 281, 15]": {
            "[:then, 109, 249, 14, 264, 99]": 2,
            "[:else, 110, 265, 12, 281, 15]": 15283
          },
          "[:if, 111, 260, 14, 262, 17]": {
            "[:then, 112, 261, 16, 261, 92]": 1,
            "[:else, 113, 260, 14, 262, 17]": 1
          },
          "[:unless, 114, 264, 14, 264, 99]": {
            "[:else, 115, 264, 14, 264, 99]": 0,
            "[:then, 116, 264, 14, 264, 19]": 2
          },
          "[:if, 117, 265, 12, 281, 15]": {
            "[:then, 118, 266, 14, 277, 99]": 8,
            "[:else, 119, 280, 14, 280, 41]": 15275
          },
          "[:if, 120, 273, 14, 275, 17]": {
            "[:then, 121, 274, 16, 274, 92]": 3,
            "[:else, 122, 273, 14, 275, 17]": 5
          },
          "[:unless, 123, 277, 14, 277, 99]": {
            "[:else, 124, 277, 14, 277, 99]": 0,
            "[:then, 125, 277, 14, 277, 19]": 8
          },
          "[:if, 126, 296, 6, 296, 89]": {
            "[:then, 127, 296, 6, 296, 71]": 2,
            "[:else, 128, 296, 6, 296, 89]": 17
          },
          "[:if, 129, 298, 6, 304, 9]": {
            "[:then, 130, 299, 8, 303, 73]": 2,
            "[:else, 131, 298, 6, 304, 9]": 17
          },
          "[:if, 132, 302, 8, 302, 65]": {
            "[:then, 133, 302, 8, 302, 47]": 1,
            "[:else, 134, 302, 8, 302, 65]": 1
          },
          "[:if, 135, 303, 8, 303, 73]": {
            "[:then, 136, 303, 8, 303, 51]": 1,
            "[:else, 137, 303, 8, 303, 73]": 1
          },
          "[:unless, 138, 311, 6, 311, 34]": {
            "[:else, 139, 311, 6, 311, 34]": 3,
            "[:then, 140, 311, 6, 311, 12]": 0
          },
          "[:if, 141, 315, 13, 315, 45]": {
            "[:then, 142, 315, 31, 315, 34]": 3,
            "[:else, 143, 315, 37, 315, 45]": 0
          },
          "[:if, 144, 316, 14, 316, 46]": {
            "[:then, 145, 316, 26, 316, 41]": 0,
            "[:else, 146, 316, 44, 316, 46]": 3
          },
          "[:if, 147, 330, 8, 333, 11]": {
            "[:then, 148, 331, 10, 332, 15]": 1,
            "[:else, 149, 330, 8, 333, 11]": 5
          },
          "[:unless, 150, 343, 6, 343, 28]": {
            "[:else, 151, 343, 6, 343, 28]": 1,
            "[:then, 152, 343, 6, 343, 12]": 26
          }
        }
      },
      "/Users/cm0k/repos_ai/keep_alive/lib/keep_alive/harness.rb": {
        "lines": [
          null,
          null,
          null,
          1,
          1,
          1,
          1,
          null,
          1,
          1,
          1,
          null,
          1,
          1,
          null,
          null,
          null,
          null,
          1,
          null,
          null,
          null,
          28,
          27,
          null,
          26,
          26,
          26,
          26,
          26,
          26,
          26,
          26,
          26,
          26,
          26,
          26,
          null,
          null,
          2,
          1,
          7,
          null,
          7,
          1,
          6,
          1,
          5,
          1,
          null,
          4,
          null,
          null,
          7,
          7,
          null,
          7,
          1,
          1,
          1,
          null,
          null,
          7,
          null,
          7,
          7,
          null,
          null,
          1,
          null,
          2,
          1,
          7,
          null,
          1,
          1,
          null,
          null,
          2,
          1,
          3,
          null,
          3,
          3,
          3,
          3,
          3,
          3,
          3,
          null,
          null,
          3,
          3,
          null,
          3,
          3,
          null,
          null,
          2,
          1,
          null,
          8,
          0,
          null,
          null,
          8,
          0,
          null,
          null,
          null,
          2,
          1,
          17,
          null,
          null,
          15,
          4,
          4,
          4,
          null,
          4,
          4,
          4,
          null,
          4,
          3,
          null,
          1,
          null,
          null,
          null,
          4,
          4,
          null,
          4,
          4,
          4,
          null,
          4,
          4,
          null,
          4,
          4,
          2,
          2,
          2,
          2,
          null,
          null,
          4,
          null,
          4,
          null,
          null,
          null,
          11,
          10,
          10,
          null,
          3,
          3,
          3,
          null,
          null,
          3,
          3,
          0,
          null,
          null,
          3,
          null,
          1,
          null,
          null,
          null,
          null,
          2,
          1,
          9,
          null,
          8,
          0,
          0,
          null,
          null,
          0,
          null,
          0,
          null,
          null,
          null,
          8,
          8,
          null,
          null,
          0,
          null,
          null,
          2,
          1,
          4,
          4,
          4,
          null,
          4,
          4,
          null,
          4,
          null,
          4,
          null,
          4,
          4,
          4,
          0,
          0,
          null,
          null,
          4,
          4,
          4,
          null,
          4,
          4,
          null,
          4,
          4,
          null,
          4,
          null,
          4,
          0,
          0,
          null,
          0,
          0,
          0,
          null,
          null,
          4,
          0,
          4,
          1,
          null,
          3,
          null,
          null,
          4,
          0,
          null,
          4,
          null,
          null,
          null,
          4,
          null,
          1,
          1,
          null,
          null,
          3,
          null,
          3,
          null,
          1,
          1,
          null,
          null,
          null,
          2,
          null,
          null,
          2,
          2,
          null,
          null,
          null,
          2,
          1,
          14,
          null,
          null,
          5,
          0,
          null,
          5,
          0,
          null,
          null,
          5,
          5,
          5,
          null,
          null,
          5,
          5,
          null,
          null,
          null,
          null,
          null,
          null,
          null,
          5,
          5,
          null,
          null,
          2,
          1,
          null,
          3,
          0,
          null,
          3,
          0,
          null,
          null,
          3,
          3,
          3,
          null,
          3,
          3,
          3,
          3,
          null,
          3,
          null,
          0,
          null,
          null,
          null
        ],
        "branches": {
          "[:if, 0, 23, 6, 23, 72]": {
            "[:then, 1, 23, 6, 23, 53]": 1,
            "[:else, 2, 23, 6, 23, 72]": 27
          },
          "[:if, 3, 24, 6, 24, 88]": {
            "[:then, 4, 24, 6, 24, 59]": 1,
            "[:else, 5, 24, 6, 24, 88]": 26
          },
          "[:if, 6, 44, 6, 52, 9]": {
            "[:then, 7, 45, 8, 45, 124]": 1,
            "[:else, 8, 46, 6, 52, 9]": 6
          },
          "[:if, 9, 46, 6, 52, 9]": {
            "[:then, 10, 47, 8, 47, 114]": 1,
            "[:else, 11, 48, 6, 52, 9]": 5
          },
          "[:if, 12, 48, 6, 52, 9]": {
            "[:then, 13, 49, 8, 49, 87]": 1,
            "[:else, 14, 51, 8, 51, 86]": 4
          },
          "[:unless, 15, 83, 6, 90, 9]": {
            "[:else, 16, 83, 6, 90, 9]": 0,
            "[:then, 17, 84, 8, 89, 16]": 3
          },
          "[:if, 18, 85, 8, 85, 46]": {
            "[:then, 19, 85, 8, 85, 32]": 0,
            "[:else, 20, 85, 8, 85, 46]": 3
          },
          "[:if, 21, 92, 24, 92, 108]": {
            "[:then, 22, 92, 46, 92, 83]": 3,
            "[:else, 23, 92, 86, 92, 108]": 0
          },
          "[:if, 24, 102, 8, 102, 63]": {
            "[:then, 25, 102, 8, 102, 48]": 2,
            "[:else, 26, 102, 8, 102, 63]": 6
          },
          "[:if, 27, 106, 8, 106, 63]": {
            "[:then, 28, 106, 8, 106, 48]": 2,
            "[:else, 29, 106, 8, 106, 63]": 6
          },
          "[:if, 30, 113, 6, 113, 57]": {
            "[:then, 31, 113, 6, 113, 45]": 2,
            "[:else, 32, 113, 6, 113, 57]": 15
          },
          "[:if, 33, 158, 10, 158, 57]": {
            "[:then, 34, 158, 10, 158, 39]": 7,
            "[:else, 35, 158, 10, 158, 57]": 3
          },
          "[:\"&.\", 36, 119, 18, 119, 62]": {
            "[:then, 37, 119, 18, 119, 62]": 4,
            "[:else, 38, 119, 18, 119, 62]": 0
          },
          "[:\"&.\", 39, 119, 18, 119, 68]": {
            "[:then, 40, 119, 18, 119, 68]": 4,
            "[:else, 41, 119, 18, 119, 68]": 0
          },
          "[:if, 42, 123, 8, 130, 11]": {
            "[:then, 43, 124, 10, 129, 13]": 4,
            "[:else, 44, 123, 8, 130, 11]": 0
          },
          "[:if, 45, 126, 12, 126, 54]": {
            "[:then, 46, 126, 12, 126, 32]": 3,
            "[:else, 47, 126, 12, 126, 54]": 0
          },
          "[:if, 48, 143, 8, 148, 11]": {
            "[:then, 49, 144, 10, 147, 89]": 2,
            "[:else, 50, 143, 8, 148, 11]": 2
          },
          "[:if, 51, 147, 10, 147, 89]": {
            "[:then, 52, 147, 10, 147, 66]": 2,
            "[:else, 53, 147, 10, 147, 89]": 0
          },
          "[:if, 54, 179, 6, 179, 26]": {
            "[:then, 55, 179, 6, 179, 14]": 1,
            "[:else, 56, 179, 6, 179, 26]": 8
          },
          "[:if, 57, 181, 6, 194, 9]": {
            "[:then, 58, 182, 8, 190, 11]": 0,
            "[:else, 59, 192, 8, 193, 37]": 8
          },
          "[:if, 60, 183, 10, 183, 48]": {
            "[:then, 61, 183, 10, 183, 20]": 0,
            "[:else, 62, 183, 10, 183, 48]": 0
          },
          "[:if, 63, 214, 8, 217, 11]": {
            "[:then, 64, 215, 10, 216, 15]": 0,
            "[:else, 65, 214, 8, 217, 11]": 4
          },
          "[:if, 66, 223, 23, 223, 87]": {
            "[:then, 67, 223, 37, 223, 74]": 3,
            "[:else, 68, 223, 77, 223, 87]": 1
          },
          "[:if, 69, 231, 8, 238, 11]": {
            "[:then, 70, 232, 10, 237, 15]": 0,
            "[:else, 71, 231, 8, 238, 11]": 4
          },
          "[:if, 72, 240, 23, 246, 26]": {
            "[:then, 73, 241, 25, 241, 74]": 0,
            "[:else, 74, 242, 23, 246, 26]": 4
          },
          "[:if, 75, 242, 23, 246, 26]": {
            "[:then, 76, 243, 25, 243, 35]": 1,
            "[:else, 77, 245, 25, 245, 30]": 3
          },
          "[:if, 78, 248, 23, 252, 26]": {
            "[:then, 79, 249, 25, 249, 74]": 0,
            "[:else, 80, 251, 25, 251, 30]": 4
          },
          "[:if, 81, 255, 10, 255, 61]": {
            "[:then, 82, 255, 10, 255, 46]": 4,
            "[:else, 83, 255, 10, 255, 61]": 0
          },
          "[:if, 84, 261, 8, 268, 11]": {
            "[:then, 85, 262, 10, 267, 13]": 3,
            "[:else, 86, 261, 8, 268, 11]": 0
          },
          "[:unless, 87, 280, 6, 280, 32]": {
            "[:else, 88, 280, 6, 280, 32]": 5,
            "[:then, 89, 280, 6, 280, 12]": 9
          },
          "[:if, 90, 323, 6, 323, 82]": {
            "[:then, 91, 323, 6, 323, 56]": 3,
            "[:else, 92, 323, 6, 323, 82]": 0
          },
          "[:if, 93, 324, 6, 324, 89]": {
            "[:then, 94, 324, 6, 324, 64]": 3,
            "[:else, 95, 324, 6, 324, 89]": 0
          },
          "[:if, 96, 325, 6, 325, 92]": {
            "[:then, 97, 325, 6, 325, 65]": 1,
            "[:else, 98, 325, 6, 325, 92]": 2
          },
          "[:if, 99, 327, 6, 327, 83]": {
            "[:then, 100, 327, 6, 327, 68]": 3,
            "[:else, 101, 327, 6, 327, 83]": 0
          }
        }
      }
    },
    "timestamp": 1775902752
  }
}
