{
  "RSpec": {
    "coverage": {
      "/Users/cm0k/repos_ai/keep_alive/lib/keep_alive/server.rb": {
        "lines": [
          null,
          null,
          null,
          1,
          1,
          1,
          1,
          1,
          null,
          1,
          1,
          1,
          null,
          1,
          1,
          0,
          null,
          null,
          0,
          null,
          null,
          null,
          null,
          null,
          0,
          0,
          0,
          null,
          null,
          null,
          0,
          null,
          null,
          null,
          null,
          null,
          null,
          null,
          1,
          1,
          0,
          0,
          0,
          0,
          null,
          0,
          0,
          0,
          null,
          null,
          null,
          0,
          0,
          0,
          0,
          0,
          null,
          null,
          null,
          null,
          null,
          1,
          null,
          1,
          1,
          0,
          0,
          0,
          0,
          0,
          0,
          0,
          0,
          0,
          null,
          0,
          0,
          0,
          0,
          null,
          null,
          null
        ],
        "branches": {
          "[:if, 0, 41, 6, 59, 9]": {
            "[:then, 1, 42, 8, 50, 11]": 0,
            "[:else, 2, 52, 8, 58, 11]": 0
          }
        }
      },
      "/Users/cm0k/repos_ai/keep_alive/lib/keep_alive/client.rb": {
        "lines": [
          null,
          null,
          null,
          1,
          1,
          1,
          1,
          1,
          1,
          1,
          null,
          1,
          1,
          1,
          null,
          1,
          0,
          null,
          null,
          null,
          null,
          null,
          null,
          null,
          null,
          null,
          null,
          null,
          null,
          null,
          null,
          null,
          null,
          null,
          null,
          null,
          null,
          null,
          null,
          null,
          1,
          null,
          null,
          null,
          null,
          null,
          null,
          null,
          null,
          null,
          null,
          0,
          0,
          0,
          0,
          0,
          0,
          0,
          0,
          0,
          0,
          0,
          0,
          0,
          0,
          0,
          0,
          0,
          0,
          0,
          0,
          0,
          null,
          0,
          0,
          null,
          0,
          0,
          null,
          null,
          1,
          1,
          0,
          0,
          0,
          null,
          0,
          null,
          null,
          0,
          0,
          null,
          0,
          0,
          0,
          0,
          0,
          0,
          0,
          null,
          0,
          null,
          0,
          0,
          0,
          null,
          null,
          null,
          null,
          0,
          0,
          null,
          null,
          1,
          null,
          1,
          1,
          0,
          0,
          0,
          0,
          0,
          0,
          null,
          0,
          0,
          0,
          0,
          0,
          0,
          0,
          null,
          null,
          null,
          null,
          null,
          null,
          null,
          1,
          1,
          0,
          null,
          0,
          0,
          null,
          null,
          1,
          1,
          0,
          0,
          0,
          0,
          0,
          0,
          null,
          0,
          null,
          null,
          0,
          null,
          null,
          0,
          0,
          null,
          0,
          null,
          null,
          0,
          0,
          null,
          0,
          null,
          0,
          null,
          null,
          null,
          1,
          1,
          0,
          0,
          0,
          0,
          0,
          0,
          null,
          0,
          null,
          null,
          null,
          1,
          1,
          0,
          null,
          0,
          0,
          0,
          null,
          null,
          0,
          null,
          null,
          null,
          1,
          1,
          0,
          0,
          0,
          null,
          0,
          null,
          0,
          0,
          null,
          0,
          0,
          null,
          0,
          0,
          0,
          0,
          null,
          0,
          0,
          null,
          null,
          0,
          0,
          0,
          0,
          0,
          null,
          null,
          0,
          0,
          null,
          0,
          0,
          0,
          0,
          null,
          0,
          0,
          null,
          null,
          0,
          0,
          null,
          null,
          0,
          0,
          0,
          0,
          0,
          0,
          0,
          0,
          null,
          0,
          0,
          null,
          null,
          0,
          null,
          null,
          0,
          null,
          null,
          null,
          null,
          0,
          null,
          0,
          null,
          0,
          null,
          0,
          null,
          null,
          1,
          0,
          0,
          null,
          0,
          0,
          0,
          0,
          0,
          0,
          null,
          null,
          0,
          null,
          null,
          1,
          0,
          0,
          null,
          0,
          null,
          0,
          0,
          0,
          0,
          0,
          null,
          0,
          0,
          0,
          0,
          null,
          null,
          null,
          0,
          0,
          0,
          0,
          0,
          null,
          null,
          0,
          0,
          0,
          null,
          null,
          null,
          1,
          1,
          0,
          null,
          null,
          0,
          0,
          null,
          null,
          1,
          1,
          null,
          0,
          0,
          null,
          null,
          null
        ],
        "branches": {
          "[:if, 0, 83, 21, 83, 119]": {
            "[:then, 1, 83, 45, 83, 75]": 0,
            "[:else, 2, 83, 78, 83, 119]": 0
          },
          "[:unless, 3, 85, 6, 85, 107]": {
            "[:else, 4, 85, 6, 85, 107]": 0,
            "[:then, 5, 85, 6, 85, 91]": 0
          },
          "[:if, 6, 91, 6, 91, 46]": {
            "[:then, 7, 91, 6, 91, 34]": 0,
            "[:else, 8, 91, 6, 91, 46]": 0
          },
          "[:if, 9, 96, 18, 102, 21]": {
            "[:then, 10, 97, 20, 97, 48]": 0,
            "[:else, 11, 98, 18, 102, 21]": 0
          },
          "[:if, 12, 98, 18, 102, 21]": {
            "[:then, 13, 99, 20, 99, 49]": 0,
            "[:else, 14, 101, 20, 101, 23]": 0
          },
          "[:if, 15, 103, 10, 103, 63]": {
            "[:then, 16, 103, 10, 103, 44]": 0,
            "[:else, 17, 103, 10, 103, 63]": 0
          },
          "[:if, 18, 123, 14, 123, 40]": {
            "[:then, 19, 123, 14, 123, 19]": 0,
            "[:else, 20, 123, 14, 123, 40]": 0
          },
          "[:if, 21, 126, 14, 132, 17]": {
            "[:then, 22, 127, 16, 128, 25]": 0,
            "[:else, 23, 129, 14, 132, 17]": 0
          },
          "[:if, 24, 129, 14, 132, 17]": {
            "[:then, 25, 130, 16, 131, 25]": 0,
            "[:else, 26, 129, 14, 132, 17]": 0
          },
          "[:if, 27, 141, 6, 141, 42]": {
            "[:then, 28, 141, 6, 141, 25]": 0,
            "[:else, 29, 141, 6, 141, 42]": 0
          },
          "[:if, 30, 149, 13, 149, 53]": {
            "[:then, 31, 149, 33, 149, 45]": 0,
            "[:else, 32, 149, 48, 149, 53]": 0
          },
          "[:if, 33, 151, 14, 157, 17]": {
            "[:then, 34, 152, 16, 152, 29]": 0,
            "[:else, 35, 153, 14, 157, 17]": 0
          },
          "[:if, 36, 153, 14, 157, 17]": {
            "[:then, 37, 154, 16, 154, 45]": 0,
            "[:else, 38, 156, 16, 156, 44]": 0
          },
          "[:if, 39, 159, 31, 159, 76]": {
            "[:then, 40, 159, 57, 159, 70]": 0,
            "[:else, 41, 159, 73, 159, 76]": 0
          },
          "[:\"&.\", 42, 162, 15, 162, 95]": {
            "[:then, 43, 162, 15, 162, 95]": 0,
            "[:else, 44, 162, 15, 162, 95]": 0
          },
          "[:if, 45, 163, 10, 163, 34]": {
            "[:then, 46, 163, 10, 163, 28]": 0,
            "[:else, 47, 163, 10, 163, 34]": 0
          },
          "[:if, 48, 168, 20, 172, 23]": {
            "[:then, 49, 169, 22, 169, 87]": 0,
            "[:else, 50, 171, 22, 171, 26]": 0
          },
          "[:if, 51, 179, 6, 187, 9]": {
            "[:then, 52, 180, 8, 180, 49]": 0,
            "[:else, 53, 181, 6, 187, 9]": 0
          },
          "[:if, 54, 181, 6, 187, 9]": {
            "[:then, 55, 182, 8, 182, 95]": 0,
            "[:else, 56, 183, 6, 187, 9]": 0
          },
          "[:\"&.\", 57, 182, 20, 182, 93]": {
            "[:then, 58, 182, 20, 182, 93]": 0,
            "[:else, 59, 182, 20, 182, 93]": 0
          },
          "[:if, 60, 183, 6, 187, 9]": {
            "[:then, 61, 184, 8, 184, 15]": 0,
            "[:else, 62, 186, 8, 186, 14]": 0
          },
          "[:unless, 63, 196, 8, 196, 47]": {
            "[:else, 64, 196, 8, 196, 47]": 0,
            "[:then, 65, 196, 8, 196, 13]": 0
          },
          "[:if, 66, 214, 8, 268, 11]": {
            "[:then, 67, 215, 10, 215, 68]": 0,
            "[:else, 68, 217, 10, 267, 13]": 0
          },
          "[:if, 69, 228, 12, 231, 15]": {
            "[:then, 70, 229, 14, 230, 19]": 0,
            "[:else, 71, 228, 12, 231, 15]": 0
          },
          "[:if, 72, 233, 12, 266, 15]": {
            "[:then, 73, 234, 14, 249, 99]": 0,
            "[:else, 74, 250, 12, 266, 15]": 0
          },
          "[:if, 75, 245, 14, 247, 17]": {
            "[:then, 76, 246, 16, 246, 92]": 0,
            "[:else, 77, 245, 14, 247, 17]": 0
          },
          "[:unless, 78, 249, 14, 249, 99]": {
            "[:else, 79, 249, 14, 249, 99]": 0,
            "[:then, 80, 249, 14, 249, 19]": 0
          },
          "[:if, 81, 250, 12, 266, 15]": {
            "[:then, 82, 251, 14, 262, 99]": 0,
            "[:else, 83, 265, 14, 265, 41]": 0
          },
          "[:if, 84, 258, 14, 260, 17]": {
            "[:then, 85, 259, 16, 259, 92]": 0,
            "[:else, 86, 258, 14, 260, 17]": 0
          },
          "[:unless, 87, 262, 14, 262, 99]": {
            "[:else, 88, 262, 14, 262, 99]": 0,
            "[:then, 89, 262, 14, 262, 19]": 0
          },
          "[:if, 90, 281, 6, 281, 89]": {
            "[:then, 91, 281, 6, 281, 71]": 0,
            "[:else, 92, 281, 6, 281, 89]": 0
          },
          "[:if, 93, 283, 6, 289, 9]": {
            "[:then, 94, 284, 8, 288, 73]": 0,
            "[:else, 95, 283, 6, 289, 9]": 0
          },
          "[:if, 96, 287, 8, 287, 65]": {
            "[:then, 97, 287, 8, 287, 47]": 0,
            "[:else, 98, 287, 8, 287, 65]": 0
          },
          "[:if, 99, 288, 8, 288, 73]": {
            "[:then, 100, 288, 8, 288, 51]": 0,
            "[:else, 101, 288, 8, 288, 73]": 0
          },
          "[:unless, 102, 296, 6, 296, 34]": {
            "[:else, 103, 296, 6, 296, 34]": 0,
            "[:then, 104, 296, 6, 296, 12]": 0
          },
          "[:if, 105, 300, 13, 300, 45]": {
            "[:then, 106, 300, 31, 300, 34]": 0,
            "[:else, 107, 300, 37, 300, 45]": 0
          },
          "[:if, 108, 301, 14, 301, 46]": {
            "[:then, 109, 301, 26, 301, 41]": 0,
            "[:else, 110, 301, 44, 301, 46]": 0
          },
          "[:if, 111, 315, 8, 318, 11]": {
            "[:then, 112, 316, 10, 317, 15]": 0,
            "[:else, 113, 315, 8, 318, 11]": 0
          },
          "[:unless, 114, 328, 6, 328, 28]": {
            "[:else, 115, 328, 6, 328, 28]": 0,
            "[:then, 116, 328, 6, 328, 12]": 0
          }
        }
      },
      "/Users/cm0k/repos_ai/keep_alive/lib/keep_alive/harness.rb": {
        "lines": [
          null,
          null,
          null,
          1,
          1,
          1,
          null,
          1,
          1,
          1,
          null,
          1,
          1,
          null,
          null,
          null,
          null,
          1,
          null,
          null,
          null,
          11,
          11,
          11,
          11,
          11,
          11,
          11,
          11,
          11,
          11,
          null,
          null,
          2,
          1,
          2,
          null,
          2,
          0,
          2,
          0,
          2,
          0,
          null,
          2,
          null,
          null,
          2,
          2,
          null,
          2,
          0,
          0,
          0,
          null,
          null,
          2,
          null,
          2,
          2,
          null,
          null,
          1,
          null,
          2,
          1,
          2,
          null,
          1,
          1,
          null,
          null,
          2,
          1,
          1,
          1,
          1,
          1,
          1,
          1,
          1,
          null,
          null,
          1,
          1,
          null,
          1,
          1,
          null,
          null,
          2,
          1,
          null,
          2,
          0,
          null,
          null,
          2,
          0,
          null,
          null,
          null,
          2,
          1,
          9,
          null,
          null,
          7,
          0,
          null,
          0,
          0,
          0,
          null,
          0,
          0,
          null,
          null,
          null,
          0,
          0,
          null,
          null,
          0,
          0,
          0,
          0,
          null,
          0,
          null,
          null,
          null,
          7,
          6,
          6,
          null,
          1,
          1,
          1,
          1,
          null,
          1,
          null,
          null,
          null,
          null,
          2,
          1,
          7,
          null,
          6,
          6,
          null,
          0,
          null,
          null,
          2,
          1,
          3,
          3,
          3,
          null,
          3,
          3,
          null,
          3,
          null,
          3,
          null,
          3,
          3,
          3,
          0,
          0,
          null,
          null,
          3,
          3,
          3,
          null,
          3,
          null,
          2,
          2,
          0,
          null,
          2,
          null,
          1,
          null,
          null,
          null,
          3,
          3,
          3,
          null,
          0,
          null,
          null,
          3,
          3,
          null,
          3,
          null,
          3,
          0,
          0,
          null,
          0,
          0,
          0,
          null,
          null,
          3,
          0,
          3,
          1,
          null,
          2,
          null,
          null,
          3,
          0,
          null,
          3,
          null,
          null,
          null,
          3,
          null,
          1,
          1,
          null,
          null,
          2,
          null,
          2,
          null,
          1,
          1,
          null,
          null,
          null,
          1,
          null,
          null,
          1,
          1,
          null,
          null,
          null,
          2,
          1,
          4,
          null,
          null,
          1,
          0,
          null,
          1,
          0,
          null,
          null,
          1,
          1,
          1,
          null,
          null,
          1,
          1,
          null,
          null,
          null,
          null,
          null,
          null,
          null,
          1,
          1,
          null,
          null,
          2,
          1,
          null,
          2,
          0,
          null,
          2,
          0,
          null,
          null,
          2,
          2,
          2,
          null,
          2,
          2,
          2,
          2,
          null,
          2,
          null,
          0,
          null,
          null,
          null
        ],
        "branches": {
          "[:if, 0, 38, 6, 46, 9]": {
            "[:then, 1, 39, 8, 39, 124]": 0,
            "[:else, 2, 40, 6, 46, 9]": 2
          },
          "[:if, 3, 40, 6, 46, 9]": {
            "[:then, 4, 41, 8, 41, 114]": 0,
            "[:else, 5, 42, 6, 46, 9]": 2
          },
          "[:if, 6, 42, 6, 46, 9]": {
            "[:then, 7, 43, 8, 43, 87]": 0,
            "[:else, 8, 45, 8, 45, 86]": 2
          },
          "[:unless, 9, 75, 6, 82, 9]": {
            "[:else, 10, 75, 6, 82, 9]": 0,
            "[:then, 11, 76, 8, 81, 16]": 1
          },
          "[:if, 12, 77, 8, 77, 46]": {
            "[:then, 13, 77, 8, 77, 32]": 0,
            "[:else, 14, 77, 8, 77, 46]": 1
          },
          "[:if, 15, 84, 24, 84, 108]": {
            "[:then, 16, 84, 46, 84, 83]": 1,
            "[:else, 17, 84, 86, 84, 108]": 0
          },
          "[:if, 18, 94, 8, 94, 63]": {
            "[:then, 19, 94, 8, 94, 48]": 1,
            "[:else, 20, 94, 8, 94, 63]": 1
          },
          "[:if, 21, 98, 8, 98, 63]": {
            "[:then, 22, 98, 8, 98, 48]": 1,
            "[:else, 23, 98, 8, 98, 63]": 1
          },
          "[:if, 24, 105, 6, 105, 54]": {
            "[:then, 25, 105, 6, 105, 42]": 2,
            "[:else, 26, 105, 6, 105, 54]": 7
          },
          "[:if, 27, 135, 10, 135, 54]": {
            "[:then, 28, 135, 10, 135, 36]": 5,
            "[:else, 29, 135, 10, 135, 54]": 1
          },
          "[:if, 30, 113, 8, 118, 11]": {
            "[:then, 31, 114, 10, 117, 35]": 0,
            "[:else, 32, 113, 8, 118, 11]": 0
          },
          "[:if, 33, 116, 12, 116, 54]": {
            "[:then, 34, 116, 12, 116, 32]": 0,
            "[:else, 35, 116, 12, 116, 54]": 0
          },
          "[:if, 36, 149, 6, 149, 26]": {
            "[:then, 37, 149, 6, 149, 14]": 1,
            "[:else, 38, 149, 6, 149, 26]": 6
          },
          "[:if, 39, 172, 8, 175, 11]": {
            "[:then, 40, 173, 10, 174, 15]": 0,
            "[:else, 41, 172, 8, 175, 11]": 3
          },
          "[:if, 42, 181, 23, 190, 26]": {
            "[:then, 43, 182, 25, 187, 55]": 2,
            "[:else, 44, 189, 25, 189, 35]": 1
          },
          "[:if, 45, 205, 8, 212, 11]": {
            "[:then, 46, 206, 10, 211, 15]": 0,
            "[:else, 47, 205, 8, 212, 11]": 3
          },
          "[:if, 48, 214, 23, 220, 26]": {
            "[:then, 49, 215, 25, 215, 74]": 0,
            "[:else, 50, 216, 23, 220, 26]": 3
          },
          "[:if, 51, 216, 23, 220, 26]": {
            "[:then, 52, 217, 25, 217, 35]": 1,
            "[:else, 53, 219, 25, 219, 30]": 2
          },
          "[:if, 54, 222, 23, 226, 26]": {
            "[:then, 55, 223, 25, 223, 74]": 0,
            "[:else, 56, 225, 25, 225, 30]": 3
          },
          "[:if, 57, 229, 10, 229, 61]": {
            "[:then, 58, 229, 10, 229, 46]": 3,
            "[:else, 59, 229, 10, 229, 61]": 0
          },
          "[:if, 60, 235, 8, 242, 11]": {
            "[:then, 61, 236, 10, 241, 13]": 2,
            "[:else, 62, 235, 8, 242, 11]": 0
          },
          "[:unless, 63, 254, 6, 254, 32]": {
            "[:else, 64, 254, 6, 254, 32]": 1,
            "[:then, 65, 254, 6, 254, 12]": 3
          },
          "[:if, 66, 297, 6, 297, 82]": {
            "[:then, 67, 297, 6, 297, 56]": 2,
            "[:else, 68, 297, 6, 297, 82]": 0
          },
          "[:if, 69, 298, 6, 298, 89]": {
            "[:then, 70, 298, 6, 298, 64]": 2,
            "[:else, 71, 298, 6, 298, 89]": 0
          },
          "[:if, 72, 299, 6, 299, 92]": {
            "[:then, 73, 299, 6, 299, 65]": 1,
            "[:else, 74, 299, 6, 299, 92]": 1
          },
          "[:if, 75, 301, 6, 301, 83]": {
            "[:then, 76, 301, 6, 301, 68]": 2,
            "[:else, 77, 301, 6, 301, 83]": 0
          }
        }
      }
    },
    "timestamp": 1775831738
  }
}
